<?xml version="1.0" encoding="UTF-8"?>
<!-- Generated by org.testng.reporters.JUnitReportReporter -->
<testsuite skipped="0" hostname="LAPTOP-8G3EKDSE" name="com.smoke.test.SenityTestNG" tests="3" failures="0" timestamp="27 May 2020 17:36:20 GMT" time="11.295" errors="0">
  <testcase name="sanity1" time="4.514" classname="com.smoke.test.SenityTestNG"/>
  <testcase name="sanity3" time="6.490" classname="com.smoke.test.SenityTestNG"/>
  <testcase name="sanity2" time="0.291" classname="com.smoke.test.SenityTestNG"/>
</testsuite> <!-- com.smoke.test.SenityTestNG -->
